<?xml version="1.0" encoding="UTF-8"?>
<testng-results ignored="0" total="4" passed="4" failed="0" skipped="0">
  <reporter-output>
  </reporter-output>
  <suite started-at="2022-11-17T19:40:52Z" name="Single" finished-at="2022-11-17T19:41:15Z" duration-ms="22812">
    <groups>
    </groups>
    <test started-at="2022-11-17T19:40:52Z" name="SingleTest" finished-at="2022-11-17T19:41:15Z" duration-ms="22812">
      <class name="TestCases.BaseTest">
        <test-method is-config="true" signature="tearUP()[pri:0, instance:TestCases.BaseTest@bccb269]" started-at="2022-11-17T19:40:52Z" name="tearUP" finished-at="2022-11-17T19:41:02Z" duration-ms="10068" status="PASS">
          <reporter-output>
          </reporter-output>
        </test-method> <!-- tearUP -->
        <test-method signature="VerifyUserNavigatesToHomePageByDefault()[pri:1, instance:TestCases.BaseTest@bccb269]" started-at="2022-11-17T19:41:02Z" name="VerifyUserNavigatesToHomePageByDefault" finished-at="2022-11-17T19:41:02Z" duration-ms="217" status="PASS">
          <reporter-output>
          </reporter-output>
        </test-method> <!-- VerifyUserNavigatesToHomePageByDefault -->
        <test-method signature="selectMobileOnHomePage()[pri:2, instance:TestCases.BaseTest@bccb269]" started-at="2022-11-17T19:41:02Z" name="selectMobileOnHomePage" finished-at="2022-11-17T19:41:06Z" duration-ms="3878" status="PASS">
          <reporter-output>
          </reporter-output>
        </test-method> <!-- selectMobileOnHomePage -->
        <test-method signature="addProductIntoCart()[pri:3, instance:TestCases.BaseTest@bccb269]" started-at="2022-11-17T19:41:06Z" name="addProductIntoCart" finished-at="2022-11-17T19:41:10Z" duration-ms="3284" status="PASS">
          <reporter-output>
          </reporter-output>
        </test-method> <!-- addProductIntoCart -->
        <test-method signature="VerifyUserPlaceOrderSuccessfully()[pri:4, instance:TestCases.BaseTest@bccb269]" started-at="2022-11-17T19:41:10Z" name="VerifyUserPlaceOrderSuccessfully" finished-at="2022-11-17T19:41:15Z" duration-ms="5257" status="PASS">
          <reporter-output>
          </reporter-output>
        </test-method> <!-- VerifyUserPlaceOrderSuccessfully -->
        <test-method is-config="true" signature="tearDown()[pri:0, instance:TestCases.BaseTest@bccb269]" started-at="2022-11-17T19:41:15Z" name="tearDown" finished-at="2022-11-17T19:41:15Z" duration-ms="97" status="PASS">
          <reporter-output>
          </reporter-output>
        </test-method> <!-- tearDown -->
      </class> <!-- TestCases.BaseTest -->
    </test> <!-- SingleTest -->
  </suite> <!-- Single -->
</testng-results>
