<?xml version="1.0" encoding="UTF-8"?>
<testsuite xmlns:xsi="http://www.w3.org/2001/XMLSchema-instance" xsi:noNamespaceSchemaLocation="https://maven.apache.org/surefire/maven-surefire-plugin/xsd/surefire-test-report-3.0.xsd" version="3.0" name="TestSuite" time="22.983" tests="4" errors="0" skipped="0" failures="0">
  <properties>
[...]
</properties>
  <testcase name="VerifyUserNavigatesToHomePageByDefault" classname="TestCases.BaseTest" time="0.22">
    <system-out><![CDATA[Value of environment variable is  - prod
]]></system-out>
    <system-err><![CDATA[Starting ChromeDriver 107.0.5304.62 (1eec40d3a5764881c92085aaee66d25075c159aa-refs/branch-heads/5304@{#942}) on port 16873
Only local connections are allowed.
Please see https://chromedriver.chromium.org/security-considerations for suggestions on keeping ChromeDriver safe.
ChromeDriver was started successfully.
Nov 18, 2022 1:10:58 AM org.openqa.selenium.remote.ProtocolHandshake createSession
INFO: Detected dialect: W3C
]]></system-err>
  </testcase>
  <testcase name="selectMobileOnHomePage" classname="TestCases.BaseTest" time="3.876"/>
  <testcase name="addProductIntoCart" classname="TestCases.BaseTest" time="3.284"/>
  <testcase name="VerifyUserPlaceOrderSuccessfully" classname="TestCases.BaseTest" time="5.257"/>
</testsuite>